Start testing: Mar 22 20:51 CST
----------------------------------------------------------
1/1 Testing: settest
1/1 Test: settest
Command: "/home/sheep/Compiler/cx/build/toolcpp/setTest"
Directory: /home/sheep/Compiler/cx/build/toolcpp
"settest" start time: Mar 22 20:51 CST
Output:
----------------------------------------------------------
Running main() from /home/sheep/Compiler/cx/build/_deps/googletest-src/googletest/src/gtest_main.cc
[==========] Running 1 test from 1 test suite.
[----------] Global test environment set-up.
[----------] 1 test from set
[ RUN      ] set.defaultconstructor
1 10 150 152 
3 5 7 8 9 11 3 5 7 8 9 11 equal
[       OK ] set.defaultconstructor (0 ms)
[----------] 1 test from set (0 ms total)

[----------] Global test environment tear-down
[==========] 1 test from 1 test suite ran. (0 ms total)
[  PASSED  ] 1 test.
<end of output>
Test time =   0.00 sec
----------------------------------------------------------
Test Passed.
"settest" end time: Mar 22 20:51 CST
"settest" time elapsed: 00:00:00
----------------------------------------------------------

End testing: Mar 22 20:51 CST
